# JRE version: Java(TM) SE Runtime Environment (8.0_211-b12) (build 1.8.0_211-b12)
# Java VM: Java HotSpot(TM) 64-Bit Server VM (25.211-b12 mixed mode windows-amd64 compressed oops)
Heap:
 PSYoungGen      total 356352K, used 93798K [0x00000000d5f00000, 0x00000000f3e80000, 0x0000000100000000)
  eden space 343552K, 27% used [0x00000000d5f00000,0x00000000dba998a8,0x00000000eae80000)
  from space 12800K, 0% used [0x00000000eae80000,0x00000000eae80000,0x00000000ebb00000)
  to   space 17920K, 0% used [0x00000000f2d00000,0x00000000f2d00000,0x00000000f3e80000)
 ParOldGen       total 72192K, used 25592K [0x0000000081c00000, 0x0000000086280000, 0x00000000d5f00000)
  object space 72192K, 35% used [0x0000000081c00000,0x00000000834fe388,0x0000000086280000)
 Metaspace       used 58505K, capacity 60114K, committed 60376K, reserved 1105920K
  class space    used 7808K, capacity 8119K, committed 8192K, reserved 1048576K
GC Heap History (10 events):
Event: 7.664 GC heap before
{Heap before GC invocations=13 (full 2):
 PSYoungGen      total 356352K, used 343552K [0x00000000d5f00000, 0x00000000ee780000, 0x0000000100000000)
  eden space 343552K, 100% used [0x00000000d5f00000,0x00000000eae80000,0x00000000eae80000)
  from space 12800K, 0% used [0x00000000ebb00000,0x00000000ebb00000,0x00000000ec780000)
  to   space 12800K, 0% used [0x00000000eae80000,0x00000000eae80000,0x00000000ebb00000)
 ParOldGen       total 72192K, used 16161K [0x0000000081c00000, 0x0000000086280000, 0x00000000d5f00000)
  object space 72192K, 22% used [0x0000000081c00000,0x0000000082bc8420,0x0000000086280000)
 Metaspace       used 49326K, capacity 50844K, committed 51160K, reserved 1093632K
  class space    used 6330K, capacity 6634K, committed 6656K, reserved 1048576K
Event: 7.680 GC heap after
Heap after GC invocations=13 (full 2):
 PSYoungGen      total 356352K, used 12792K [0x00000000d5f00000, 0x00000000f4f00000, 0x0000000100000000)
  eden space 343552K, 0% used [0x00000000d5f00000,0x00000000d5f00000,0x00000000eae80000)
  from space 12800K, 99% used [0x00000000eae80000,0x00000000ebafe060,0x00000000ebb00000)
  to   space 17408K, 0% used [0x00000000f3e00000,0x00000000f3e00000,0x00000000f4f00000)
 ParOldGen       total 72192K, used 24363K [0x0000000081c00000, 0x0000000086280000, 0x00000000d5f00000)
  object space 72192K, 33% used [0x0000000081c00000,0x00000000833cac60,0x0000000086280000)
 Metaspace       used 49326K, capacity 50844K, committed 51160K, reserved 1093632K
  class space    used 6330K, capacity 6634K, committed 6656K, reserved 1048576K
}
Event: 7.975 GC heap before
{Heap before GC invocations=14 (full 2):
 PSYoungGen      total 356352K, used 54456K [0x00000000d5f00000, 0x00000000f4f00000, 0x0000000100000000)
  eden space 343552K, 12% used [0x00000000d5f00000,0x00000000d87b0030,0x00000000eae80000)
  from space 12800K, 99% used [0x00000000eae80000,0x00000000ebafe060,0x00000000ebb00000)
  to   space 17408K, 0% used [0x00000000f3e00000,0x00000000f3e00000,0x00000000f4f00000)
 ParOldGen       total 72192K, used 24363K [0x0000000081c00000, 0x0000000086280000, 0x00000000d5f00000)
  object space 72192K, 33% used [0x0000000081c00000,0x00000000833cac60,0x0000000086280000)
 Metaspace       used 52316K, capacity 53764K, committed 53976K, reserved 1101824K
  class space    used 6861K, capacity 7158K, committed 7168K, reserved 1048576K
Event: 7.984 GC heap after
Heap after GC invocations=14 (full 2):
 PSYoungGen      total 360960K, used 3130K [0x00000000d5f00000, 0x00000000f4f00000, 0x0000000100000000)
  eden space 343552K, 0% used [0x00000000d5f00000,0x00000000d5f00000,0x00000000eae80000)
  from space 17408K, 17% used [0x00000000f3e00000,0x00000000f410ea80,0x00000000f4f00000)
  to   space 12800K, 0% used [0x00000000eae80000,0x00000000eae80000,0x00000000ebb00000)
 ParOldGen       total 72192K, used 35699K [0x0000000081c00000, 0x0000000086280000, 0x00000000d5f00000)
  object space 72192K, 49% used [0x0000000081c00000,0x0000000083edce00,0x0000000086280000)
 Metaspace       used 52316K, capacity 53764K, committed 53976K, reserved 1101824K
  class space    used 6861K, capacity 7158K, committed 7168K, reserved 1048576K
}
Event: 7.984 GC heap before
{Heap before GC invocations=15 (full 3):
 PSYoungGen      total 360960K, used 3130K [0x00000000d5f00000, 0x00000000f4f00000, 0x0000000100000000)
  eden space 343552K, 0% used [0x00000000d5f00000,0x00000000d5f00000,0x00000000eae80000)
  from space 17408K, 17% used [0x00000000f3e00000,0x00000000f410ea80,0x00000000f4f00000)
  to   space 12800K, 0% used [0x00000000eae80000,0x00000000eae80000,0x00000000ebb00000)
 ParOldGen       total 72192K, used 35699K [0x0000000081c00000, 0x0000000086280000, 0x00000000d5f00000)
  object space 72192K, 49% used [0x0000000081c00000,0x0000000083edce00,0x0000000086280000)
 Metaspace       used 52316K, capacity 53764K, committed 53976K, reserved 1101824K
  class space    used 6861K, capacity 7158K, committed 7168K, reserved 1048576K
Event: 8.146 GC heap after
Heap after GC invocations=15 (full 3):
 PSYoungGen      total 360960K, used 0K [0x00000000d5f00000, 0x00000000f4f00000, 0x0000000100000000)
  eden space 343552K, 0% used [0x00000000d5f00000,0x00000000d5f00000,0x00000000eae80000)
  from space 17408K, 0% used [0x00000000f3e00000,0x00000000f3e00000,0x00000000f4f00000)
  to   space 12800K, 0% used [0x00000000eae80000,0x00000000eae80000,0x00000000ebb00000)
 ParOldGen       total 72192K, used 27369K [0x0000000081c00000, 0x0000000086280000, 0x00000000d5f00000)
  object space 72192K, 37% used [0x0000000081c00000,0x00000000836ba7f0,0x0000000086280000)
 Metaspace       used 52316K, capacity 53764K, committed 53976K, reserved 1099776K
  class space    used 6861K, capacity 7158K, committed 7168K, reserved 1048576K
}
Event: 8.221 GC heap before
{Heap before GC invocations=16 (full 3):
 PSYoungGen      total 360960K, used 10409K [0x00000000d5f00000, 0x00000000f4f00000, 0x0000000100000000)
  eden space 343552K, 3% used [0x00000000d5f00000,0x00000000d692a4e0,0x00000000eae80000)
  from space 17408K, 0% used [0x00000000f3e00000,0x00000000f3e00000,0x00000000f4f00000)
  to   space 12800K, 0% used [0x00000000eae80000,0x00000000eae80000,0x00000000ebb00000)
 ParOldGen       total 72192K, used 27369K [0x0000000081c00000, 0x0000000086280000, 0x00000000d5f00000)
  object space 72192K, 37% used [0x0000000081c00000,0x00000000836ba7f0,0x0000000086280000)
 Metaspace       used 52914K, capacity 54372K, committed 54616K, reserved 1103872K
  class space    used 6947K, capacity 7254K, committed 7296K, reserved 1048576K
Event: 8.224 GC heap after
Heap after GC invocations=16 (full 3):
 PSYoungGen      total 356352K, used 814K [0x00000000d5f00000, 0x00000000f3e80000, 0x0000000100000000)
  eden space 343552K, 0% used [0x00000000d5f00000,0x00000000d5f00000,0x00000000eae80000)
  from space 12800K, 6% used [0x00000000eae80000,0x00000000eaf4b978,0x00000000ebb00000)
  to   space 17920K, 0% used [0x00000000f2d00000,0x00000000f2d00000,0x00000000f3e80000)
 ParOldGen       total 72192K, used 27369K [0x0000000081c00000, 0x0000000086280000, 0x00000000d5f00000)
  object space 72192K, 37% used [0x0000000081c00000,0x00000000836ba7f0,0x0000000086280000)
 Metaspace       used 52914K, capacity 54372K, committed 54616K, reserved 1103872K
  class space    used 6947K, capacity 7254K, committed 7296K, reserved 1048576K
}
Event: 8.224 GC heap before
{Heap before GC invocations=17 (full 4):
 PSYoungGen      total 356352K, used 814K [0x00000000d5f00000, 0x00000000f3e80000, 0x0000000100000000)
  eden space 343552K, 0% used [0x00000000d5f00000,0x00000000d5f00000,0x00000000eae80000)
  from space 12800K, 6% used [0x00000000eae80000,0x00000000eaf4b978,0x00000000ebb00000)
  to   space 17920K, 0% used [0x00000000f2d00000,0x00000000f2d00000,0x00000000f3e80000)
 ParOldGen       total 72192K, used 27369K [0x0000000081c00000, 0x0000000086280000, 0x00000000d5f00000)
  object space 72192K, 37% used [0x0000000081c00000,0x00000000836ba7f0,0x0000000086280000)
 Metaspace       used 52914K, capacity 54372K, committed 54616K, reserved 1103872K
  class space    used 6947K, capacity 7254K, committed 7296K, reserved 1048576K
Event: 8.269 GC heap after
Heap after GC invocations=17 (full 4):
 PSYoungGen      total 356352K, used 0K [0x00000000d5f00000, 0x00000000f3e80000, 0x0000000100000000)
  eden space 343552K, 0% used [0x00000000d5f00000,0x00000000d5f00000,0x00000000eae80000)
  from space 12800K, 0% used [0x00000000eae80000,0x00000000eae80000,0x00000000ebb00000)
  to   space 17920K, 0% used [0x00000000f2d00000,0x00000000f2d00000,0x00000000f3e80000)
 ParOldGen       total 72192K, used 25592K [0x0000000081c00000, 0x0000000086280000, 0x00000000d5f00000)
  object space 72192K, 35% used [0x0000000081c00000,0x00000000834fe388,0x0000000086280000)
 Metaspace       used 52914K, capacity 54372K, committed 54616K, reserved 1101824K
  class space    used 6947K, capacity 7254K, committed 7296K, reserved 1048576K
}

