# JRE version: Java(TM) SE Runtime Environment (8.0_211-b12) (build 1.8.0_211-b12)
# Java VM: Java HotSpot(TM) 64-Bit Server VM (25.211-b12 mixed mode windows-amd64 compressed oops)
Heap:
 PSYoungGen      total 272896K, used 77936K [0x00000000d5f00000, 0x00000000ed780000, 0x0000000100000000)
  eden space 260096K, 29% used [0x00000000d5f00000,0x00000000dab1c160,0x00000000e5d00000)
  from space 12800K, 0% used [0x00000000ecb00000,0x00000000ecb00000,0x00000000ed780000)
  to   space 9216K, 0% used [0x00000000e5d00000,0x00000000e5d00000,0x00000000e6600000)
 ParOldGen       total 46592K, used 16012K [0x0000000081c00000, 0x0000000084980000, 0x00000000d5f00000)
  object space 46592K, 34% used [0x0000000081c00000,0x0000000082ba32f0,0x0000000084980000)
 Metaspace       used 36203K, capacity 37540K, committed 37848K, reserved 1081344K
  class space    used 4781K, capacity 5064K, committed 5120K, reserved 1048576K
GC Heap History (10 events):
Event: 4.462 GC heap before
{Heap before GC invocations=8 (full 1):
 PSYoungGen      total 139776K, used 3313K [0x00000000d5f00000, 0x00000000e7000000, 0x0000000100000000)
  eden space 131072K, 0% used [0x00000000d5f00000,0x00000000d5f00000,0x00000000ddf00000)
  from space 8704K, 38% used [0x00000000ddf00000,0x00000000de23c488,0x00000000de780000)
  to   space 8704K, 0% used [0x00000000e6780000,0x00000000e6780000,0x00000000e7000000)
 ParOldGen       total 87552K, used 5928K [0x0000000081c00000, 0x0000000087180000, 0x00000000d5f00000)
  object space 87552K, 6% used [0x0000000081c00000,0x00000000821ca370,0x0000000087180000)
 Metaspace       used 20651K, capacity 21154K, committed 21248K, reserved 1067008K
  class space    used 2598K, capacity 2755K, committed 2816K, reserved 1048576K
Event: 4.497 GC heap after
Heap after GC invocations=8 (full 1):
 PSYoungGen      total 139776K, used 0K [0x00000000d5f00000, 0x00000000e7000000, 0x0000000100000000)
  eden space 131072K, 0% used [0x00000000d5f00000,0x00000000d5f00000,0x00000000ddf00000)
  from space 8704K, 0% used [0x00000000ddf00000,0x00000000ddf00000,0x00000000de780000)
  to   space 8704K, 0% used [0x00000000e6780000,0x00000000e6780000,0x00000000e7000000)
 ParOldGen       total 46592K, used 5833K [0x0000000081c00000, 0x0000000084980000, 0x00000000d5f00000)
  object space 46592K, 12% used [0x0000000081c00000,0x00000000821b2560,0x0000000084980000)
 Metaspace       used 20651K, capacity 21154K, committed 21248K, reserved 1067008K
  class space    used 2598K, capacity 2755K, committed 2816K, reserved 1048576K
}
Event: 6.024 GC heap before
{Heap before GC invocations=9 (full 1):
 PSYoungGen      total 139776K, used 131072K [0x00000000d5f00000, 0x00000000e7000000, 0x0000000100000000)
  eden space 131072K, 100% used [0x00000000d5f00000,0x00000000ddf00000,0x00000000ddf00000)
  from space 8704K, 0% used [0x00000000ddf00000,0x00000000ddf00000,0x00000000de780000)
  to   space 8704K, 0% used [0x00000000e6780000,0x00000000e6780000,0x00000000e7000000)
 ParOldGen       total 46592K, used 5833K [0x0000000081c00000, 0x0000000084980000, 0x00000000d5f00000)
  object space 46592K, 12% used [0x0000000081c00000,0x00000000821b2560,0x0000000084980000)
 Metaspace       used 27264K, capacity 28130K, committed 28416K, reserved 1073152K
  class space    used 3516K, capacity 3721K, committed 3840K, reserved 1048576K
Event: 6.035 GC heap after
Heap after GC invocations=9 (full 1):
 PSYoungGen      total 249344K, used 7584K [0x00000000d5f00000, 0x00000000e6f00000, 0x0000000100000000)
  eden space 241664K, 0% used [0x00000000d5f00000,0x00000000d5f00000,0x00000000e4b00000)
  from space 7680K, 98% used [0x00000000e6780000,0x00000000e6ee8368,0x00000000e6f00000)
  to   space 9216K, 0% used [0x00000000e5d00000,0x00000000e5d00000,0x00000000e6600000)
 ParOldGen       total 46592K, used 5841K [0x0000000081c00000, 0x0000000084980000, 0x00000000d5f00000)
  object space 46592K, 12% used [0x0000000081c00000,0x00000000821b4560,0x0000000084980000)
 Metaspace       used 27264K, capacity 28130K, committed 28416K, reserved 1073152K
  class space    used 3516K, capacity 3721K, committed 3840K, reserved 1048576K
}
Event: 8.221 GC heap before
{Heap before GC invocations=10 (full 1):
 PSYoungGen      total 249344K, used 249248K [0x00000000d5f00000, 0x00000000e6f00000, 0x0000000100000000)
  eden space 241664K, 100% used [0x00000000d5f00000,0x00000000e4b00000,0x00000000e4b00000)
  from space 7680K, 98% used [0x00000000e6780000,0x00000000e6ee8368,0x00000000e6f00000)
  to   space 9216K, 0% used [0x00000000e5d00000,0x00000000e5d00000,0x00000000e6600000)
 ParOldGen       total 46592K, used 5841K [0x0000000081c00000, 0x0000000084980000, 0x00000000d5f00000)
  object space 46592K, 12% used [0x0000000081c00000,0x00000000821b4560,0x0000000084980000)
 Metaspace       used 31777K, capacity 32860K, committed 33024K, reserved 1077248K
  class space    used 4055K, capacity 4302K, committed 4352K, reserved 1048576K
Event: 8.248 GC heap after
Heap after GC invocations=10 (full 1):
 PSYoungGen      total 269312K, used 9195K [0x00000000d5f00000, 0x00000000ed780000, 0x0000000100000000)
  eden space 260096K, 0% used [0x00000000d5f00000,0x00000000d5f00000,0x00000000e5d00000)
  from space 9216K, 99% used [0x00000000e5d00000,0x00000000e65facd0,0x00000000e6600000)
  to   space 12800K, 0% used [0x00000000ecb00000,0x00000000ecb00000,0x00000000ed780000)
 ParOldGen       total 46592K, used 11611K [0x0000000081c00000, 0x0000000084980000, 0x00000000d5f00000)
  object space 46592K, 24% used [0x0000000081c00000,0x0000000082756ee8,0x0000000084980000)
 Metaspace       used 31777K, capacity 32860K, committed 33024K, reserved 1077248K
  class space    used 4055K, capacity 4302K, committed 4352K, reserved 1048576K
}
Event: 8.679 GC heap before
{Heap before GC invocations=11 (full 1):
 PSYoungGen      total 269312K, used 57486K [0x00000000d5f00000, 0x00000000ed780000, 0x0000000100000000)
  eden space 260096K, 18% used [0x00000000d5f00000,0x00000000d8e28f20,0x00000000e5d00000)
  from space 9216K, 99% used [0x00000000e5d00000,0x00000000e65facd0,0x00000000e6600000)
  to   space 12800K, 0% used [0x00000000ecb00000,0x00000000ecb00000,0x00000000ed780000)
 ParOldGen       total 46592K, used 11611K [0x0000000081c00000, 0x0000000084980000, 0x00000000d5f00000)
  object space 46592K, 24% used [0x0000000081c00000,0x0000000082756ee8,0x0000000084980000)
 Metaspace       used 34139K, capacity 35338K, committed 35416K, reserved 1079296K
  class space    used 4395K, capacity 4675K, committed 4736K, reserved 1048576K
Event: 8.688 GC heap after
Heap after GC invocations=11 (full 1):
 PSYoungGen      total 272896K, used 8654K [0x00000000d5f00000, 0x00000000ed780000, 0x0000000100000000)
  eden space 260096K, 0% used [0x00000000d5f00000,0x00000000d5f00000,0x00000000e5d00000)
  from space 12800K, 67% used [0x00000000ecb00000,0x00000000ed373a70,0x00000000ed780000)
  to   space 9216K, 0% used [0x00000000e5d00000,0x00000000e5d00000,0x00000000e6600000)
 ParOldGen       total 46592K, used 13931K [0x0000000081c00000, 0x0000000084980000, 0x00000000d5f00000)
  object space 46592K, 29% used [0x0000000081c00000,0x000000008299aff8,0x0000000084980000)
 Metaspace       used 34139K, capacity 35338K, committed 35416K, reserved 1079296K
  class space    used 4395K, capacity 4675K, committed 4736K, reserved 1048576K
}
Event: 8.688 GC heap before
{Heap before GC invocations=12 (full 2):
 PSYoungGen      total 272896K, used 8654K [0x00000000d5f00000, 0x00000000ed780000, 0x0000000100000000)
  eden space 260096K, 0% used [0x00000000d5f00000,0x00000000d5f00000,0x00000000e5d00000)
  from space 12800K, 67% used [0x00000000ecb00000,0x00000000ed373a70,0x00000000ed780000)
  to   space 9216K, 0% used [0x00000000e5d00000,0x00000000e5d00000,0x00000000e6600000)
 ParOldGen       total 46592K, used 13931K [0x0000000081c00000, 0x0000000084980000, 0x00000000d5f00000)
  object space 46592K, 29% used [0x0000000081c00000,0x000000008299aff8,0x0000000084980000)
 Metaspace       used 34139K, capacity 35338K, committed 35416K, reserved 1079296K
  class space    used 4395K, capacity 4675K, committed 4736K, reserved 1048576K
Event: 8.745 GC heap after
Heap after GC invocations=12 (full 2):
 PSYoungGen      total 272896K, used 0K [0x00000000d5f00000, 0x00000000ed780000, 0x0000000100000000)
  eden space 260096K, 0% used [0x00000000d5f00000,0x00000000d5f00000,0x00000000e5d00000)
  from space 12800K, 0% used [0x00000000ecb00000,0x00000000ecb00000,0x00000000ed780000)
  to   space 9216K, 0% used [0x00000000e5d00000,0x00000000e5d00000,0x00000000e6600000)
 ParOldGen       total 46592K, used 16012K [0x0000000081c00000, 0x0000000084980000, 0x00000000d5f00000)
  object space 46592K, 34% used [0x0000000081c00000,0x0000000082ba32f0,0x0000000084980000)
 Metaspace       used 34137K, capacity 35332K, committed 35416K, reserved 1079296K
  class space    used 4394K, capacity 4674K, committed 4736K, reserved 1048576K
}

