# JRE version: Java(TM) SE Runtime Environment (8.0_211-b12) (build 1.8.0_211-b12)
# Java VM: Java HotSpot(TM) 64-Bit Server VM (25.211-b12 mixed mode windows-amd64 compressed oops)
Heap:
 PSYoungGen      total 405504K, used 75176K [0x00000000d5f00000, 0x00000000f7480000, 0x0000000100000000)
  eden space 390656K, 15% used [0x00000000d5f00000,0x00000000d99f02b0,0x00000000edc80000)
  from space 14848K, 99% used [0x00000000edc80000,0x00000000eeaf9d60,0x00000000eeb00000)
  to   space 20992K, 0% used [0x00000000f6000000,0x00000000f6000000,0x00000000f7480000)
 ParOldGen       total 83456K, used 25941K [0x0000000081c00000, 0x0000000086d80000, 0x00000000d5f00000)
  object space 83456K, 31% used [0x0000000081c00000,0x0000000083555480,0x0000000086d80000)
 Metaspace       used 57182K, capacity 58738K, committed 59028K, reserved 1099776K
  class space    used 7590K, capacity 7921K, committed 7936K, reserved 1048576K
GC Heap History (10 events):
Event: 5.641 GC heap before
{Heap before GC invocations=7 (full 1):
 PSYoungGen      total 138240K, used 133120K [0x00000000d5f00000, 0x00000000e7600000, 0x0000000100000000)
  eden space 133120K, 100% used [0x00000000d5f00000,0x00000000de100000,0x00000000de100000)
  from space 5120K, 0% used [0x00000000de100000,0x00000000de100000,0x00000000de600000)
  to   space 9728K, 0% used [0x00000000e6c80000,0x00000000e6c80000,0x00000000e7600000)
 ParOldGen       total 54784K, used 9041K [0x0000000081c00000, 0x0000000085180000, 0x00000000d5f00000)
  object space 54784K, 16% used [0x0000000081c00000,0x00000000824d45b8,0x0000000085180000)
 Metaspace       used 27365K, capacity 28196K, committed 28416K, reserved 1073152K
  class space    used 3530K, capacity 3720K, committed 3840K, reserved 1048576K
Event: 5.647 GC heap after
Heap after GC invocations=7 (full 1):
 PSYoungGen      total 237568K, used 7844K [0x00000000d5f00000, 0x00000000e7480000, 0x0000000100000000)
  eden space 229376K, 0% used [0x00000000d5f00000,0x00000000d5f00000,0x00000000e3f00000)
  from space 8192K, 95% used [0x00000000e6c80000,0x00000000e7429090,0x00000000e7480000)
  to   space 10240K, 0% used [0x00000000e6080000,0x00000000e6080000,0x00000000e6a80000)
 ParOldGen       total 54784K, used 9049K [0x0000000081c00000, 0x0000000085180000, 0x00000000d5f00000)
  object space 54784K, 16% used [0x0000000081c00000,0x00000000824d65b8,0x0000000085180000)
 Metaspace       used 27365K, capacity 28196K, committed 28416K, reserved 1073152K
  class space    used 3530K, capacity 3720K, committed 3840K, reserved 1048576K
}
Event: 6.807 GC heap before
{Heap before GC invocations=8 (full 1):
 PSYoungGen      total 237568K, used 237220K [0x00000000d5f00000, 0x00000000e7480000, 0x0000000100000000)
  eden space 229376K, 100% used [0x00000000d5f00000,0x00000000e3f00000,0x00000000e3f00000)
  from space 8192K, 95% used [0x00000000e6c80000,0x00000000e7429090,0x00000000e7480000)
  to   space 10240K, 0% used [0x00000000e6080000,0x00000000e6080000,0x00000000e6a80000)
 ParOldGen       total 54784K, used 9049K [0x0000000081c00000, 0x0000000085180000, 0x00000000d5f00000)
  object space 54784K, 16% used [0x0000000081c00000,0x00000000824d65b8,0x0000000085180000)
 Metaspace       used 31484K, capacity 32556K, committed 32768K, reserved 1077248K
  class space    used 4013K, capacity 4268K, committed 4352K, reserved 1048576K
Event: 6.819 GC heap after
Heap after GC invocations=8 (full 1):
 PSYoungGen      total 273920K, used 10223K [0x00000000d5f00000, 0x00000000ef880000, 0x0000000100000000)
  eden space 263680K, 0% used [0x00000000d5f00000,0x00000000d5f00000,0x00000000e6080000)
  from space 10240K, 99% used [0x00000000e6080000,0x00000000e6a7bd90,0x00000000e6a80000)
  to   space 13824K, 0% used [0x00000000eeb00000,0x00000000eeb00000,0x00000000ef880000)
 ParOldGen       total 54784K, used 13261K [0x0000000081c00000, 0x0000000085180000, 0x00000000d5f00000)
  object space 54784K, 24% used [0x0000000081c00000,0x00000000828f34b8,0x0000000085180000)
 Metaspace       used 31484K, capacity 32556K, committed 32768K, reserved 1077248K
  class space    used 4013K, capacity 4268K, committed 4352K, reserved 1048576K
}
Event: 7.155 GC heap before
{Heap before GC invocations=9 (full 1):
 PSYoungGen      total 273920K, used 67521K [0x00000000d5f00000, 0x00000000ef880000, 0x0000000100000000)
  eden space 263680K, 21% used [0x00000000d5f00000,0x00000000d96f49d8,0x00000000e6080000)
  from space 10240K, 99% used [0x00000000e6080000,0x00000000e6a7bd90,0x00000000e6a80000)
  to   space 13824K, 0% used [0x00000000eeb00000,0x00000000eeb00000,0x00000000ef880000)
 ParOldGen       total 54784K, used 13261K [0x0000000081c00000, 0x0000000085180000, 0x00000000d5f00000)
  object space 54784K, 24% used [0x0000000081c00000,0x00000000828f34b8,0x0000000085180000)
 Metaspace       used 34144K, capacity 35328K, committed 35416K, reserved 1079296K
  class space    used 4398K, capacity 4674K, committed 4736K, reserved 1048576K
Event: 7.163 GC heap after
Heap after GC invocations=9 (full 1):
 PSYoungGen      total 404480K, used 11314K [0x00000000d5f00000, 0x00000000f3b80000, 0x0000000100000000)
  eden space 390656K, 0% used [0x00000000d5f00000,0x00000000d5f00000,0x00000000edc80000)
  from space 13824K, 81% used [0x00000000eeb00000,0x00000000ef60c840,0x00000000ef880000)
  to   space 14848K, 0% used [0x00000000edc80000,0x00000000edc80000,0x00000000eeb00000)
 ParOldGen       total 54784K, used 13269K [0x0000000081c00000, 0x0000000085180000, 0x00000000d5f00000)
  object space 54784K, 24% used [0x0000000081c00000,0x00000000828f54b8,0x0000000085180000)
 Metaspace       used 34144K, capacity 35328K, committed 35416K, reserved 1079296K
  class space    used 4398K, capacity 4674K, committed 4736K, reserved 1048576K
}
Event: 7.163 GC heap before
{Heap before GC invocations=10 (full 2):
 PSYoungGen      total 404480K, used 11314K [0x00000000d5f00000, 0x00000000f3b80000, 0x0000000100000000)
  eden space 390656K, 0% used [0x00000000d5f00000,0x00000000d5f00000,0x00000000edc80000)
  from space 13824K, 81% used [0x00000000eeb00000,0x00000000ef60c840,0x00000000ef880000)
  to   space 14848K, 0% used [0x00000000edc80000,0x00000000edc80000,0x00000000eeb00000)
 ParOldGen       total 54784K, used 13269K [0x0000000081c00000, 0x0000000085180000, 0x00000000d5f00000)
  object space 54784K, 24% used [0x0000000081c00000,0x00000000828f54b8,0x0000000085180000)
 Metaspace       used 34144K, capacity 35328K, committed 35416K, reserved 1079296K
  class space    used 4398K, capacity 4674K, committed 4736K, reserved 1048576K
Event: 7.213 GC heap after
Heap after GC invocations=10 (full 2):
 PSYoungGen      total 404480K, used 0K [0x00000000d5f00000, 0x00000000f3b80000, 0x0000000100000000)
  eden space 390656K, 0% used [0x00000000d5f00000,0x00000000d5f00000,0x00000000edc80000)
  from space 13824K, 0% used [0x00000000eeb00000,0x00000000eeb00000,0x00000000ef880000)
  to   space 14848K, 0% used [0x00000000edc80000,0x00000000edc80000,0x00000000eeb00000)
 ParOldGen       total 83456K, used 16099K [0x0000000081c00000, 0x0000000086d80000, 0x00000000d5f00000)
  object space 83456K, 19% used [0x0000000081c00000,0x0000000082bb8c68,0x0000000086d80000)
 Metaspace       used 34144K, capacity 35328K, committed 35416K, reserved 1079296K
  class space    used 4398K, capacity 4674K, committed 4736K, reserved 1048576K
}
Event: 10.595 GC heap before
{Heap before GC invocations=11 (full 2):
 PSYoungGen      total 404480K, used 390656K [0x00000000d5f00000, 0x00000000f3b80000, 0x0000000100000000)
  eden space 390656K, 100% used [0x00000000d5f00000,0x00000000edc80000,0x00000000edc80000)
  from space 13824K, 0% used [0x00000000eeb00000,0x00000000eeb00000,0x00000000ef880000)
  to   space 14848K, 0% used [0x00000000edc80000,0x00000000edc80000,0x00000000eeb00000)
 ParOldGen       total 83456K, used 16099K [0x0000000081c00000, 0x0000000086d80000, 0x00000000d5f00000)
  object space 83456K, 19% used [0x0000000081c00000,0x0000000082bb8c68,0x0000000086d80000)
 Metaspace       used 53204K, capacity 54728K, committed 55128K, reserved 1097728K
  class space    used 6965K, capacity 7286K, committed 7296K, reserved 1048576K
Event: 10.619 GC heap after
Heap after GC invocations=11 (full 2):
 PSYoungGen      total 405504K, used 14823K [0x00000000d5f00000, 0x00000000f7480000, 0x0000000100000000)
  eden space 390656K, 0% used [0x00000000d5f00000,0x00000000d5f00000,0x00000000edc80000)
  from space 14848K, 99% used [0x00000000edc80000,0x00000000eeaf9d60,0x00000000eeb00000)
  to   space 20992K, 0% used [0x00000000f6000000,0x00000000f6000000,0x00000000f7480000)
 ParOldGen       total 83456K, used 25941K [0x0000000081c00000, 0x0000000086d80000, 0x00000000d5f00000)
  object space 83456K, 31% used [0x0000000081c00000,0x0000000083555480,0x0000000086d80000)
 Metaspace       used 53204K, capacity 54728K, committed 55128K, reserved 1097728K
  class space    used 6965K, capacity 7286K, committed 7296K, reserved 1048576K
}

